[2021-02-11 18:22:12] local.ERROR: could not find driver {"exception":"[object] (Doctrine\\DBAL\\Driver\\PDO\\Exception(code: 0): could not find driver at /home/charlize/Projects/www/foodtiger-food-delivery-multiple-restaurants/vendor/doctrine/dbal/lib/Doctrine/DBAL/Driver/PDO/Exception.php:18)
[stacktrace]
#0 /home/charlize/Projects/www/foodtiger-food-delivery-multiple-restaurants/vendor/doctrine/dbal/lib/Doctrine/DBAL/Driver/PDOConnection.php(42): Doctrine\\DBAL\\Driver\\PDO\\Exception::new()
#1 /home/charlize/Projects/www/foodtiger-food-delivery-multiple-restaurants/vendor/laravel/framework/src/Illuminate/Database/Connectors/Connector.php(67): Doctrine\\DBAL\\Driver\\PDOConnection->__construct()
#2 /home/charlize/Projects/www/foodtiger-food-delivery-multiple-restaurants/vendor/laravel/framework/src/Illuminate/Database/Connectors/Connector.php(46): Illuminate\\Database\\Connectors\\Connector->createPdoConnection()
#3 /home/charlize/Projects/www/foodtiger-food-delivery-multiple-restaurants/vendor/laravel/framework/src/Illuminate/Database/Connectors/MySqlConnector.php(24): Illuminate\\Database\\Connectors\\Connector->createConnection()
#4 /home/charlize/Projects/www/foodtiger-food-delivery-multiple-restaurants/vendor/laravel/framework/src/Illuminate/Database/Connectors/ConnectionFactory.php(184): Illuminate\\Database\\Connectors\\MySqlConnector->connect()
#5 [internal function]: Illuminate\\Database\\Connectors\\ConnectionFactory->Illuminate\\Database\\Connectors\\{closure}()
#6 /home/charlize/Projects/www/foodtiger-food-delivery-multiple-restaurants/vendor/laravel/framework/src/Illuminate/Database/Connection.php(939): call_user_func()
#7 /home/charlize/Projects/www/foodtiger-food-delivery-multiple-restaurants/vendor/mobidonia/laravel-dashboard-installer/src/Controllers/InstallDatabaseController.php(104): Illuminate\\Database\\Connection->getPdo()
#8 /home/charlize/Projects/www/foodtiger-food-delivery-multiple-restaurants/vendor/laravel/framework/src/Illuminate/Routing/Controller.php(54): dacoto\\LaravelInstaller\\Controllers\\InstallDatabaseController->migrations()
#9 /home/charlize/Projects/www/foodtiger-food-delivery-multiple-restaurants/vendor/laravel/framework/src/Illuminate/Routing/ControllerDispatcher.php(45): Illuminate\\Routing\\Controller->callAction()
#10 /home/charlize/Projects/www/foodtiger-food-delivery-multiple-restaurants/vendor/laravel/framework/src/Illuminate/Routing/Route.php(254): Illuminate\\Routing\\ControllerDispatcher->dispatch()
#11 /home/charlize/Projects/www/foodtiger-food-delivery-multiple-restaurants/vendor/laravel/framework/src/Illuminate/Routing/Route.php(197): Illuminate\\Routing\\Route->runController()
#12 /home/charlize/Projects/www/foodtiger-food-delivery-multiple-restaurants/vendor/laravel/framework/src/Illuminate/Routing/Router.php(692): Illuminate\\Routing\\Route->run()
#13 /home/charlize/Projects/www/foodtiger-food-delivery-multiple-restaurants/vendor/laravel/framework/src/Illuminate/Pipeline/Pipeline.php(128): Illuminate\\Routing\\Router->Illuminate\\Routing\\{closure}()
#14 /home/charlize/Projects/www/foodtiger-food-delivery-multiple-restaurants/vendor/mobidonia/laravel-dashboard-installer/src/Middleware/InstallerMiddleware.php(23): Illuminate\\Pipeline\\Pipeline->Illuminate\\Pipeline\\{closure}()
#15 /home/charlize/Projects/www/foodtiger-food-delivery-multiple-restaurants/vendor/laravel/framework/src/Illuminate/Pipeline/Pipeline.php(167): dacoto\\LaravelInstaller\\Middleware\\InstallerMiddleware->handle()
#16 /home/charlize/Projects/www/foodtiger-food-delivery-multiple-restaurants/vendor/laravel/framework/src/Illuminate/Routing/Middleware/SubstituteBindings.php(41): Illuminate\\Pipeline\\Pipeline->Illuminate\\Pipeline\\{closure}()
#17 /home/charlize/Projects/www/foodtiger-food-delivery-multiple-restaurants/vendor/laravel/framework/src/Illuminate/Pipeline/Pipeline.php(167): Illuminate\\Routing\\Middleware\\SubstituteBindings->handle()
#18 /home/charlize/Projects/www/foodtiger-food-delivery-multiple-restaurants/vendor/laravel/framework/src/Illuminate/Foundation/Http/Middleware/VerifyCsrfToken.php(78): Illuminate\\Pipeline\\Pipeline->Illuminate\\Pipeline\\{closure}()
#19 /home/charlize/Projects/www/foodtiger-food-delivery-multiple-restaurants/vendor/laravel/framework/src/Illuminate/Pipeline/Pipeline.php(167): Illuminate\\Foundation\\Http\\Middleware\\VerifyCsrfToken->handle()
#20 /home/charlize/Projects/www/foodtiger-food-delivery-multiple-restaurants/vendor/laravel/framework/src/Illuminate/View/Middleware/ShareErrorsFromSession.php(49): Illuminate\\Pipeline\\Pipeline->Illuminate\\Pipeline\\{closure}()
#21 /home/charlize/Projects/www/foodtiger-food-delivery-multiple-restaurants/vendor/laravel/framework/src/Illuminate/Pipeline/Pipeline.php(167): Illuminate\\View\\Middleware\\ShareErrorsFromSession->handle()
#22 /home/charlize/Projects/www/foodtiger-food-delivery-multiple-restaurants/app/Http/Middleware/Language.php(32): Illuminate\\Pipeline\\Pipeline->Illuminate\\Pipeline\\{closure}()
#23 /home/charlize/Projects/www/foodtiger-food-delivery-multiple-restaurants/vendor/laravel/framework/src/Illuminate/Pipeline/Pipeline.php(167): App\\Http\\Middleware\\Language->handle()
#24 /home/charlize/Projects/www/foodtiger-food-delivery-multiple-restaurants/vendor/laravel/framework/src/Illuminate/Session/Middleware/StartSession.php(121): Illuminate\\Pipeline\\Pipeline->Illuminate\\Pipeline\\{closure}()
#25 /home/charlize/Projects/www/foodtiger-food-delivery-multiple-restaurants/vendor/laravel/framework/src/Illuminate/Session/Middleware/StartSession.php(63): Illuminate\\Session\\Middleware\\StartSession->handleStatefulRequest()
#26 /home/charlize/Projects/www/foodtiger-food-delivery-multiple-restaurants/vendor/laravel/framework/src/Illuminate/Pipeline/Pipeline.php(167): Illuminate\\Session\\Middleware\\StartSession->handle()
#27 /home/charlize/Projects/www/foodtiger-food-delivery-multiple-restaurants/vendor/laravel/framework/src/Illuminate/Cookie/Middleware/AddQueuedCookiesToResponse.php(37): Illuminate\\Pipeline\\Pipeline->Illuminate\\Pipeline\\{closure}()
#28 /home/charlize/Projects/www/foodtiger-food-delivery-multiple-restaurants/vendor/laravel/framework/src/Illuminate/Pipeline/Pipeline.php(167): Illuminate\\Cookie\\Middleware\\AddQueuedCookiesToResponse->handle()
#29 /home/charlize/Projects/www/foodtiger-food-delivery-multiple-restaurants/vendor/laravel/framework/src/Illuminate/Cookie/Middleware/EncryptCookies.php(67): Illuminate\\Pipeline\\Pipeline->Illuminate\\Pipeline\\{closure}()
#30 /home/charlize/Projects/www/foodtiger-food-delivery-multiple-restaurants/vendor/laravel/framework/src/Illuminate/Pipeline/Pipeline.php(167): Illuminate\\Cookie\\Middleware\\EncryptCookies->handle()
#31 /home/charlize/Projects/www/foodtiger-food-delivery-multiple-restaurants/vendor/mobidonia/laravel-dashboard-installer/src/Middleware/ToInstallMiddleware.php(23): Illuminate\\Pipeline\\Pipeline->Illuminate\\Pipeline\\{closure}()
#32 /home/charlize/Projects/www/foodtiger-food-delivery-multiple-restaurants/vendor/laravel/framework/src/Illuminate/Pipeline/Pipeline.php(167): dacoto\\LaravelInstaller\\Middleware\\ToInstallMiddleware->handle()
#33 /home/charlize/Projects/www/foodtiger-food-delivery-multiple-restaurants/vendor/laravel/framework/src/Illuminate/Pipeline/Pipeline.php(103): Illuminate\\Pipeline\\Pipeline->Illuminate\\Pipeline\\{closure}()
#34 /home/charlize/Projects/www/foodtiger-food-delivery-multiple-restaurants/vendor/laravel/framework/src/Illuminate/Routing/Router.php(694): Illuminate\\Pipeline\\Pipeline->then()
#35 /home/charlize/Projects/www/foodtiger-food-delivery-multiple-restaurants/vendor/laravel/framework/src/Illuminate/Routing/Router.php(669): Illuminate\\Routing\\Router->runRouteWithinStack()
#36 /home/charlize/Projects/www/foodtiger-food-delivery-multiple-restaurants/vendor/laravel/framework/src/Illuminate/Routing/Router.php(635): Illuminate\\Routing\\Router->runRoute()
#37 /home/charlize/Projects/www/foodtiger-food-delivery-multiple-restaurants/vendor/laravel/framework/src/Illuminate/Routing/Router.php(624): Illuminate\\Routing\\Router->dispatchToRoute()
#38 /home/charlize/Projects/www/foodtiger-food-delivery-multiple-restaurants/vendor/laravel/framework/src/Illuminate/Foundation/Http/Kernel.php(166): Illuminate\\Routing\\Router->dispatch()
#39 /home/charlize/Projects/www/foodtiger-food-delivery-multiple-restaurants/vendor/laravel/framework/src/Illuminate/Pipeline/Pipeline.php(128): Illuminate\\Foundation\\Http\\Kernel->Illuminate\\Foundation\\Http\\{closure}()
#40 /home/charlize/Projects/www/foodtiger-food-delivery-multiple-restaurants/vendor/barryvdh/laravel-debugbar/src/Middleware/InjectDebugbar.php(60): Illuminate\\Pipeline\\Pipeline->Illuminate\\Pipeline\\{closure}()
#41 /home/charlize/Projects/www/foodtiger-food-delivery-multiple-restaurants/vendor/laravel/framework/src/Illuminate/Pipeline/Pipeline.php(167): Barryvdh\\Debugbar\\Middleware\\InjectDebugbar->handle()
#42 /home/charlize/Projects/www/foodtiger-food-delivery-multiple-restaurants/vendor/laravel/framework/src/Illuminate/Foundation/Http/Middleware/TransformsRequest.php(21): Illuminate\\Pipeline\\Pipeline->Illuminate\\Pipeline\\{closure}()
#43 /home/charlize/Projects/www/foodtiger-food-delivery-multiple-restaurants/vendor/laravel/framework/src/Illuminate/Pipeline/Pipeline.php(167): Illuminate\\Foundation\\Http\\Middleware\\TransformsRequest->handle()
#44 /home/charlize/Projects/www/foodtiger-food-delivery-multiple-restaurants/vendor/laravel/framework/src/Illuminate/Foundation/Http/Middleware/TransformsRequest.php(21): Illuminate\\Pipeline\\Pipeline->Illuminate\\Pipeline\\{closure}()
#45 /home/charlize/Projects/www/foodtiger-food-delivery-multiple-restaurants/vendor/laravel/framework/src/Illuminate/Pipeline/Pipeline.php(167): Illuminate\\Foundation\\Http\\Middleware\\TransformsRequest->handle()
#46 /home/charlize/Projects/www/foodtiger-food-delivery-multiple-restaurants/vendor/laravel/framework/src/Illuminate/Foundation/Http/Middleware/ValidatePostSize.php(27): Illuminate\\Pipeline\\Pipeline->Illuminate\\Pipeline\\{closure}()
#47 /home/charlize/Projects/www/foodtiger-food-delivery-multiple-restaurants/vendor/laravel/framework/src/Illuminate/Pipeline/Pipeline.php(167): Illuminate\\Foundation\\Http\\Middleware\\ValidatePostSize->handle()
#48 /home/charlize/Projects/www/foodtiger-food-delivery-multiple-restaurants/vendor/laravel/framework/src/Illuminate/Foundation/Http/Middleware/PreventRequestsDuringMaintenance.php(86): Illuminate\\Pipeline\\Pipeline->Illuminate\\Pipeline\\{closure}()
#49 /home/charlize/Projects/www/foodtiger-food-delivery-multiple-restaurants/vendor/laravel/framework/src/Illuminate/Pipeline/Pipeline.php(167): Illuminate\\Foundation\\Http\\Middleware\\PreventRequestsDuringMaintenance->handle()
#50 /home/charlize/Projects/www/foodtiger-food-delivery-multiple-restaurants/vendor/fruitcake/laravel-cors/src/HandleCors.php(37): Illuminate\\Pipeline\\Pipeline->Illuminate\\Pipeline\\{closure}()
#51 /home/charlize/Projects/www/foodtiger-food-delivery-multiple-restaurants/vendor/laravel/framework/src/Illuminate/Pipeline/Pipeline.php(167): Fruitcake\\Cors\\HandleCors->handle()
#52 /home/charlize/Projects/www/foodtiger-food-delivery-multiple-restaurants/vendor/fideloper/proxy/src/TrustProxies.php(57): Illuminate\\Pipeline\\Pipeline->Illuminate\\Pipeline\\{closure}()
#53 /home/charlize/Projects/www/foodtiger-food-delivery-multiple-restaurants/vendor/laravel/framework/src/Illuminate/Pipeline/Pipeline.php(167): Fideloper\\Proxy\\TrustProxies->handle()
#54 /home/charlize/Projects/www/foodtiger-food-delivery-multiple-restaurants/vendor/sentry/sentry-laravel/src/Sentry/Laravel/Tracing/Middleware.php(46): Illuminate\\Pipeline\\Pipeline->Illuminate\\Pipeline\\{closure}()
#55 /home/charlize/Projects/www/foodtiger-food-delivery-multiple-restaurants/vendor/laravel/framework/src/Illuminate/Pipeline/Pipeline.php(167): Sentry\\Laravel\\Tracing\\Middleware->handle()
#56 /home/charlize/Projects/www/foodtiger-food-delivery-multiple-restaurants/vendor/laravel/framework/src/Illuminate/Pipeline/Pipeline.php(103): Illuminate\\Pipeline\\Pipeline->Illuminate\\Pipeline\\{closure}()
#57 /home/charlize/Projects/www/foodtiger-food-delivery-multiple-restaurants/vendor/laravel/framework/src/Illuminate/Foundation/Http/Kernel.php(141): Illuminate\\Pipeline\\Pipeline->then()
#58 /home/charlize/Projects/www/foodtiger-food-delivery-multiple-restaurants/vendor/laravel/framework/src/Illuminate/Foundation/Http/Kernel.php(110): Illuminate\\Foundation\\Http\\Kernel->sendRequestThroughRouter()
#59 /home/charlize/Projects/www/foodtiger-food-delivery-multiple-restaurants/public/index.php(52): Illuminate\\Foundation\\Http\\Kernel->handle()
#60 /home/charlize/Projects/www/foodtiger-food-delivery-multiple-restaurants/server.php(21): require_once('...')
#61 {main}

[previous exception] [object] (PDOException(code: 0): could not find driver at /home/charlize/Projects/www/foodtiger-food-delivery-multiple-restaurants/vendor/doctrine/dbal/lib/Doctrine/DBAL/Driver/PDOConnection.php:38)
[stacktrace]
#0 /home/charlize/Projects/www/foodtiger-food-delivery-multiple-restaurants/vendor/doctrine/dbal/lib/Doctrine/DBAL/Driver/PDOConnection.php(38): PDO->__construct()
#1 /home/charlize/Projects/www/foodtiger-food-delivery-multiple-restaurants/vendor/laravel/framework/src/Illuminate/Database/Connectors/Connector.php(67): Doctrine\\DBAL\\Driver\\PDOConnection->__construct()
#2 /home/charlize/Projects/www/foodtiger-food-delivery-multiple-restaurants/vendor/laravel/framework/src/Illuminate/Database/Connectors/Connector.php(46): Illuminate\\Database\\Connectors\\Connector->createPdoConnection()
#3 /home/charlize/Projects/www/foodtiger-food-delivery-multiple-restaurants/vendor/laravel/framework/src/Illuminate/Database/Connectors/MySqlConnector.php(24): Illuminate\\Database\\Connectors\\Connector->createConnection()
#4 /home/charlize/Projects/www/foodtiger-food-delivery-multiple-restaurants/vendor/laravel/framework/src/Illuminate/Database/Connectors/ConnectionFactory.php(184): Illuminate\\Database\\Connectors\\MySqlConnector->connect()
#5 [internal function]: Illuminate\\Database\\Connectors\\ConnectionFactory->Illuminate\\Database\\Connectors\\{closure}()
#6 /home/charlize/Projects/www/foodtiger-food-delivery-multiple-restaurants/vendor/laravel/framework/src/Illuminate/Database/Connection.php(939): call_user_func()
#7 /home/charlize/Projects/www/foodtiger-food-delivery-multiple-restaurants/vendor/mobidonia/laravel-dashboard-installer/src/Controllers/InstallDatabaseController.php(104): Illuminate\\Database\\Connection->getPdo()
#8 /home/charlize/Projects/www/foodtiger-food-delivery-multiple-restaurants/vendor/laravel/framework/src/Illuminate/Routing/Controller.php(54): dacoto\\LaravelInstaller\\Controllers\\InstallDatabaseController->migrations()
#9 /home/charlize/Projects/www/foodtiger-food-delivery-multiple-restaurants/vendor/laravel/framework/src/Illuminate/Routing/ControllerDispatcher.php(45): Illuminate\\Routing\\Controller->callAction()
#10 /home/charlize/Projects/www/foodtiger-food-delivery-multiple-restaurants/vendor/laravel/framework/src/Illuminate/Routing/Route.php(254): Illuminate\\Routing\\ControllerDispatcher->dispatch()
#11 /home/charlize/Projects/www/foodtiger-food-delivery-multiple-restaurants/vendor/laravel/framework/src/Illuminate/Routing/Route.php(197): Illuminate\\Routing\\Route->runController()
#12 /home/charlize/Projects/www/foodtiger-food-delivery-multiple-restaurants/vendor/laravel/framework/src/Illuminate/Routing/Router.php(692): Illuminate\\Routing\\Route->run()
#13 /home/charlize/Projects/www/foodtiger-food-delivery-multiple-restaurants/vendor/laravel/framework/src/Illuminate/Pipeline/Pipeline.php(128): Illuminate\\Routing\\Router->Illuminate\\Routing\\{closure}()
#14 /home/charlize/Projects/www/foodtiger-food-delivery-multiple-restaurants/vendor/mobidonia/laravel-dashboard-installer/src/Middleware/InstallerMiddleware.php(23): Illuminate\\Pipeline\\Pipeline->Illuminate\\Pipeline\\{closure}()
#15 /home/charlize/Projects/www/foodtiger-food-delivery-multiple-restaurants/vendor/laravel/framework/src/Illuminate/Pipeline/Pipeline.php(167): dacoto\\LaravelInstaller\\Middleware\\InstallerMiddleware->handle()
#16 /home/charlize/Projects/www/foodtiger-food-delivery-multiple-restaurants/vendor/laravel/framework/src/Illuminate/Routing/Middleware/SubstituteBindings.php(41): Illuminate\\Pipeline\\Pipeline->Illuminate\\Pipeline\\{closure}()
#17 /home/charlize/Projects/www/foodtiger-food-delivery-multiple-restaurants/vendor/laravel/framework/src/Illuminate/Pipeline/Pipeline.php(167): Illuminate\\Routing\\Middleware\\SubstituteBindings->handle()
#18 /home/charlize/Projects/www/foodtiger-food-delivery-multiple-restaurants/vendor/laravel/framework/src/Illuminate/Foundation/Http/Middleware/VerifyCsrfToken.php(78): Illuminate\\Pipeline\\Pipeline->Illuminate\\Pipeline\\{closure}()
#19 /home/charlize/Projects/www/foodtiger-food-delivery-multiple-restaurants/vendor/laravel/framework/src/Illuminate/Pipeline/Pipeline.php(167): Illuminate\\Foundation\\Http\\Middleware\\VerifyCsrfToken->handle()
#20 /home/charlize/Projects/www/foodtiger-food-delivery-multiple-restaurants/vendor/laravel/framework/src/Illuminate/View/Middleware/ShareErrorsFromSession.php(49): Illuminate\\Pipeline\\Pipeline->Illuminate\\Pipeline\\{closure}()
#21 /home/charlize/Projects/www/foodtiger-food-delivery-multiple-restaurants/vendor/laravel/framework/src/Illuminate/Pipeline/Pipeline.php(167): Illuminate\\View\\Middleware\\ShareErrorsFromSession->handle()
#22 /home/charlize/Projects/www/foodtiger-food-delivery-multiple-restaurants/app/Http/Middleware/Language.php(32): Illuminate\\Pipeline\\Pipeline->Illuminate\\Pipeline\\{closure}()
#23 /home/charlize/Projects/www/foodtiger-food-delivery-multiple-restaurants/vendor/laravel/framework/src/Illuminate/Pipeline/Pipeline.php(167): App\\Http\\Middleware\\Language->handle()
#24 /home/charlize/Projects/www/foodtiger-food-delivery-multiple-restaurants/vendor/laravel/framework/src/Illuminate/Session/Middleware/StartSession.php(121): Illuminate\\Pipeline\\Pipeline->Illuminate\\Pipeline\\{closure}()
#25 /home/charlize/Projects/www/foodtiger-food-delivery-multiple-restaurants/vendor/laravel/framework/src/Illuminate/Session/Middleware/StartSession.php(63): Illuminate\\Session\\Middleware\\StartSession->handleStatefulRequest()
#26 /home/charlize/Projects/www/foodtiger-food-delivery-multiple-restaurants/vendor/laravel/framework/src/Illuminate/Pipeline/Pipeline.php(167): Illuminate\\Session\\Middleware\\StartSession->handle()
#27 /home/charlize/Projects/www/foodtiger-food-delivery-multiple-restaurants/vendor/laravel/framework/src/Illuminate/Cookie/Middleware/AddQueuedCookiesToResponse.php(37): Illuminate\\Pipeline\\Pipeline->Illuminate\\Pipeline\\{closure}()
#28 /home/charlize/Projects/www/foodtiger-food-delivery-multiple-restaurants/vendor/laravel/framework/src/Illuminate/Pipeline/Pipeline.php(167): Illuminate\\Cookie\\Middleware\\AddQueuedCookiesToResponse->handle()
#29 /home/charlize/Projects/www/foodtiger-food-delivery-multiple-restaurants/vendor/laravel/framework/src/Illuminate/Cookie/Middleware/EncryptCookies.php(67): Illuminate\\Pipeline\\Pipeline->Illuminate\\Pipeline\\{closure}()
#30 /home/charlize/Projects/www/foodtiger-food-delivery-multiple-restaurants/vendor/laravel/framework/src/Illuminate/Pipeline/Pipeline.php(167): Illuminate\\Cookie\\Middleware\\EncryptCookies->handle()
#31 /home/charlize/Projects/www/foodtiger-food-delivery-multiple-restaurants/vendor/mobidonia/laravel-dashboard-installer/src/Middleware/ToInstallMiddleware.php(23): Illuminate\\Pipeline\\Pipeline->Illuminate\\Pipeline\\{closure}()
#32 /home/charlize/Projects/www/foodtiger-food-delivery-multiple-restaurants/vendor/laravel/framework/src/Illuminate/Pipeline/Pipeline.php(167): dacoto\\LaravelInstaller\\Middleware\\ToInstallMiddleware->handle()
#33 /home/charlize/Projects/www/foodtiger-food-delivery-multiple-restaurants/vendor/laravel/framework/src/Illuminate/Pipeline/Pipeline.php(103): Illuminate\\Pipeline\\Pipeline->Illuminate\\Pipeline\\{closure}()
#34 /home/charlize/Projects/www/foodtiger-food-delivery-multiple-restaurants/vendor/laravel/framework/src/Illuminate/Routing/Router.php(694): Illuminate\\Pipeline\\Pipeline->then()
#35 /home/charlize/Projects/www/foodtiger-food-delivery-multiple-restaurants/vendor/laravel/framework/src/Illuminate/Routing/Router.php(669): Illuminate\\Routing\\Router->runRouteWithinStack()
#36 /home/charlize/Projects/www/foodtiger-food-delivery-multiple-restaurants/vendor/laravel/framework/src/Illuminate/Routing/Router.php(635): Illuminate\\Routing\\Router->runRoute()
#37 /home/charlize/Projects/www/foodtiger-food-delivery-multiple-restaurants/vendor/laravel/framework/src/Illuminate/Routing/Router.php(624): Illuminate\\Routing\\Router->dispatchToRoute()
#38 /home/charlize/Projects/www/foodtiger-food-delivery-multiple-restaurants/vendor/laravel/framework/src/Illuminate/Foundation/Http/Kernel.php(166): Illuminate\\Routing\\Router->dispatch()
#39 /home/charlize/Projects/www/foodtiger-food-delivery-multiple-restaurants/vendor/laravel/framework/src/Illuminate/Pipeline/Pipeline.php(128): Illuminate\\Foundation\\Http\\Kernel->Illuminate\\Foundation\\Http\\{closure}()
#40 /home/charlize/Projects/www/foodtiger-food-delivery-multiple-restaurants/vendor/barryvdh/laravel-debugbar/src/Middleware/InjectDebugbar.php(60): Illuminate\\Pipeline\\Pipeline->Illuminate\\Pipeline\\{closure}()
#41 /home/charlize/Projects/www/foodtiger-food-delivery-multiple-restaurants/vendor/laravel/framework/src/Illuminate/Pipeline/Pipeline.php(167): Barryvdh\\Debugbar\\Middleware\\InjectDebugbar->handle()
#42 /home/charlize/Projects/www/foodtiger-food-delivery-multiple-restaurants/vendor/laravel/framework/src/Illuminate/Foundation/Http/Middleware/TransformsRequest.php(21): Illuminate\\Pipeline\\Pipeline->Illuminate\\Pipeline\\{closure}()
#43 /home/charlize/Projects/www/foodtiger-food-delivery-multiple-restaurants/vendor/laravel/framework/src/Illuminate/Pipeline/Pipeline.php(167): Illuminate\\Foundation\\Http\\Middleware\\TransformsRequest->handle()
#44 /home/charlize/Projects/www/foodtiger-food-delivery-multiple-restaurants/vendor/laravel/framework/src/Illuminate/Foundation/Http/Middleware/TransformsRequest.php(21): Illuminate\\Pipeline\\Pipeline->Illuminate\\Pipeline\\{closure}()
#45 /home/charlize/Projects/www/foodtiger-food-delivery-multiple-restaurants/vendor/laravel/framework/src/Illuminate/Pipeline/Pipeline.php(167): Illuminate\\Foundation\\Http\\Middleware\\TransformsRequest->handle()
#46 /home/charlize/Projects/www/foodtiger-food-delivery-multiple-restaurants/vendor/laravel/framework/src/Illuminate/Foundation/Http/Middleware/ValidatePostSize.php(27): Illuminate\\Pipeline\\Pipeline->Illuminate\\Pipeline\\{closure}()
#47 /home/charlize/Projects/www/foodtiger-food-delivery-multiple-restaurants/vendor/laravel/framework/src/Illuminate/Pipeline/Pipeline.php(167): Illuminate\\Foundation\\Http\\Middleware\\ValidatePostSize->handle()
#48 /home/charlize/Projects/www/foodtiger-food-delivery-multiple-restaurants/vendor/laravel/framework/src/Illuminate/Foundation/Http/Middleware/PreventRequestsDuringMaintenance.php(86): Illuminate\\Pipeline\\Pipeline->Illuminate\\Pipeline\\{closure}()
#49 /home/charlize/Projects/www/foodtiger-food-delivery-multiple-restaurants/vendor/laravel/framework/src/Illuminate/Pipeline/Pipeline.php(167): Illuminate\\Foundation\\Http\\Middleware\\PreventRequestsDuringMaintenance->handle()
#50 /home/charlize/Projects/www/foodtiger-food-delivery-multiple-restaurants/vendor/fruitcake/laravel-cors/src/HandleCors.php(37): Illuminate\\Pipeline\\Pipeline->Illuminate\\Pipeline\\{closure}()
#51 /home/charlize/Projects/www/foodtiger-food-delivery-multiple-restaurants/vendor/laravel/framework/src/Illuminate/Pipeline/Pipeline.php(167): Fruitcake\\Cors\\HandleCors->handle()
#52 /home/charlize/Projects/www/foodtiger-food-delivery-multiple-restaurants/vendor/fideloper/proxy/src/TrustProxies.php(57): Illuminate\\Pipeline\\Pipeline->Illuminate\\Pipeline\\{closure}()
#53 /home/charlize/Projects/www/foodtiger-food-delivery-multiple-restaurants/vendor/laravel/framework/src/Illuminate/Pipeline/Pipeline.php(167): Fideloper\\Proxy\\TrustProxies->handle()
#54 /home/charlize/Projects/www/foodtiger-food-delivery-multiple-restaurants/vendor/sentry/sentry-laravel/src/Sentry/Laravel/Tracing/Middleware.php(46): Illuminate\\Pipeline\\Pipeline->Illuminate\\Pipeline\\{closure}()
#55 /home/charlize/Projects/www/foodtiger-food-delivery-multiple-restaurants/vendor/laravel/framework/src/Illuminate/Pipeline/Pipeline.php(167): Sentry\\Laravel\\Tracing\\Middleware->handle()
#56 /home/charlize/Projects/www/foodtiger-food-delivery-multiple-restaurants/vendor/laravel/framework/src/Illuminate/Pipeline/Pipeline.php(103): Illuminate\\Pipeline\\Pipeline->Illuminate\\Pipeline\\{closure}()
#57 /home/charlize/Projects/www/foodtiger-food-delivery-multiple-restaurants/vendor/laravel/framework/src/Illuminate/Foundation/Http/Kernel.php(141): Illuminate\\Pipeline\\Pipeline->then()
#58 /home/charlize/Projects/www/foodtiger-food-delivery-multiple-restaurants/vendor/laravel/framework/src/Illuminate/Foundation/Http/Kernel.php(110): Illuminate\\Foundation\\Http\\Kernel->sendRequestThroughRouter()
#59 /home/charlize/Projects/www/foodtiger-food-delivery-multiple-restaurants/public/index.php(52): Illuminate\\Foundation\\Http\\Kernel->handle()
#60 /home/charlize/Projects/www/foodtiger-food-delivery-multiple-restaurants/server.php(21): require_once('...')
#61 {main}
"} 
